C:\USERS\BRANDON\DROPBOX\SCHOOL\DATASTRUCTURES\HW\HW6\HW6\DEBUG\BINARYSEARCHTREE.OBJ
C:\USERS\BRANDON\DROPBOX\SCHOOL\DATASTRUCTURES\HW\HW6\HW6\DEBUG\BINARYTREE.OBJ
C:\USERS\BRANDON\DROPBOX\SCHOOL\DATASTRUCTURES\HW\HW6\HW6\DEBUG\BINPACKING.OBJ
C:\USERS\BRANDON\DROPBOX\SCHOOL\DATASTRUCTURES\HW\HW6\HW6\DEBUG\MAIN.OBJ
C:\USERS\BRANDON\DROPBOX\SCHOOL\DATASTRUCTURES\HW\HW6\HW6\DEBUG\MAXWINNERTREE.OBJ
C:\USERS\BRANDON\DROPBOX\SCHOOL\DATASTRUCTURES\HW\HW6\HW6\DEBUG\VC110.PDB
C:\USERS\BRANDON\DROPBOX\SCHOOL\DATASTRUCTURES\HW\HW6\DEBUG\HW6.ILK
C:\USERS\BRANDON\DROPBOX\SCHOOL\DATASTRUCTURES\HW\HW6\DEBUG\HW6.EXE
C:\USERS\BRANDON\DROPBOX\SCHOOL\DATASTRUCTURES\HW\HW6\DEBUG\HW6.PDB
C:\Users\Brandon\Dropbox\school\DataStructures\hw\hw6\hw6\Debug\BinarySearchTree.obj
C:\Users\Brandon\Dropbox\school\DataStructures\hw\hw6\hw6\Debug\BinaryTree.obj
C:\Users\Brandon\Dropbox\school\DataStructures\hw\hw6\hw6\Debug\BinPacking.obj
C:\Users\Brandon\Dropbox\school\DataStructures\hw\hw6\hw6\Debug\main.obj
C:\Users\Brandon\Dropbox\school\DataStructures\hw\hw6\hw6\Debug\MaxWinnerTree.obj
C:\Users\Brandon\Dropbox\school\DataStructures\hw\hw6\hw6\Debug\cl.command.1.tlog
C:\Users\Brandon\Dropbox\school\DataStructures\hw\hw6\hw6\Debug\CL.read.1.tlog
C:\Users\Brandon\Dropbox\school\DataStructures\hw\hw6\hw6\Debug\CL.write.1.tlog
C:\Users\Brandon\Dropbox\school\DataStructures\hw\hw6\hw6\Debug\link-cvtres.read.1.tlog
C:\Users\Brandon\Dropbox\school\DataStructures\hw\hw6\hw6\Debug\link-cvtres.write.1.tlog
C:\Users\Brandon\Dropbox\school\DataStructures\hw\hw6\hw6\Debug\link-rc.read.1.tlog
C:\Users\Brandon\Dropbox\school\DataStructures\hw\hw6\hw6\Debug\link-rc.write.1.tlog
C:\Users\Brandon\Dropbox\school\DataStructures\hw\hw6\hw6\Debug\link.command.1.tlog
C:\Users\Brandon\Dropbox\school\DataStructures\hw\hw6\hw6\Debug\link.read.1.tlog
C:\Users\Brandon\Dropbox\school\DataStructures\hw\hw6\hw6\Debug\link.write.1.tlog
C:\Users\Brandon\Dropbox\school\DataStructures\hw\hw6\hw6\Debug\vc110.idb
C:\Users\Brandon\Dropbox\school\DataStructures\hw\hw6\hw6\Debug\vc110.pdb
C:\Users\Brandon\Dropbox\school\DataStructures\hw\hw6\Debug\hw6.pdb
C:\Users\Brandon\Dropbox\school\DataStructures\hw\hw6\Debug\hw6.exe
C:\Users\Brandon\Dropbox\school\DataStructures\hw\hw6\Debug\hw6.ilk
