C:\USERS\BRANDON\DROPBOX\SCHOOL\DATASTRUCTURES\HW\5\HW5\HW5\DEBUG\ARRAYLIST.OBJ
C:\USERS\BRANDON\DROPBOX\SCHOOL\DATASTRUCTURES\HW\5\HW5\HW5\DEBUG\BINARYTREE.OBJ
C:\USERS\BRANDON\DROPBOX\SCHOOL\DATASTRUCTURES\HW\5\HW5\HW5\DEBUG\MAIN.OBJ
C:\USERS\BRANDON\DROPBOX\SCHOOL\DATASTRUCTURES\HW\5\HW5\HW5\DEBUG\MINHEAP.OBJ
C:\USERS\BRANDON\DROPBOX\SCHOOL\DATASTRUCTURES\HW\5\HW5\HW5\DEBUG\MYEXCEPTION.OBJ
C:\USERS\BRANDON\DROPBOX\SCHOOL\DATASTRUCTURES\HW\5\HW5\HW5\DEBUG\PRIORITYQUEUE.OBJ
C:\USERS\BRANDON\DROPBOX\SCHOOL\DATASTRUCTURES\HW\5\HW5\HW5\DEBUG\VC110.PDB
C:\USERS\BRANDON\DROPBOX\SCHOOL\DATASTRUCTURES\HW\5\HW5\DEBUG\HW5.ILK
C:\USERS\BRANDON\DROPBOX\SCHOOL\DATASTRUCTURES\HW\5\HW5\DEBUG\HW5.EXE
C:\USERS\BRANDON\DROPBOX\SCHOOL\DATASTRUCTURES\HW\5\HW5\DEBUG\HW5.PDB
C:\Users\Brandon\Dropbox\school\DataStructures\hw\5\hw5\hw5\Debug\Arraylist.obj
C:\Users\Brandon\Dropbox\school\DataStructures\hw\5\hw5\hw5\Debug\BinaryTree.obj
C:\Users\Brandon\Dropbox\school\DataStructures\hw\5\hw5\hw5\Debug\main.obj
C:\Users\Brandon\Dropbox\school\DataStructures\hw\5\hw5\hw5\Debug\MinHeap.obj
C:\Users\Brandon\Dropbox\school\DataStructures\hw\5\hw5\hw5\Debug\myException.obj
C:\Users\Brandon\Dropbox\school\DataStructures\hw\5\hw5\hw5\Debug\PriorityQueue.obj
C:\Users\Brandon\Dropbox\school\DataStructures\hw\5\hw5\hw5\Debug\cl.command.1.tlog
C:\Users\Brandon\Dropbox\school\DataStructures\hw\5\hw5\hw5\Debug\CL.read.1.tlog
C:\Users\Brandon\Dropbox\school\DataStructures\hw\5\hw5\hw5\Debug\CL.write.1.tlog
C:\Users\Brandon\Dropbox\school\DataStructures\hw\5\hw5\hw5\Debug\link-cvtres.read.1.tlog
C:\Users\Brandon\Dropbox\school\DataStructures\hw\5\hw5\hw5\Debug\link-cvtres.write.1.tlog
C:\Users\Brandon\Dropbox\school\DataStructures\hw\5\hw5\hw5\Debug\link-rc.read.1.tlog
C:\Users\Brandon\Dropbox\school\DataStructures\hw\5\hw5\hw5\Debug\link-rc.write.1.tlog
C:\Users\Brandon\Dropbox\school\DataStructures\hw\5\hw5\hw5\Debug\link.command.1.tlog
C:\Users\Brandon\Dropbox\school\DataStructures\hw\5\hw5\hw5\Debug\link.read.1.tlog
C:\Users\Brandon\Dropbox\school\DataStructures\hw\5\hw5\hw5\Debug\link.write.1.tlog
C:\Users\Brandon\Dropbox\school\DataStructures\hw\5\hw5\hw5\Debug\vc110.idb
C:\Users\Brandon\Dropbox\school\DataStructures\hw\5\hw5\hw5\Debug\vc110.pdb
C:\Users\Brandon\Dropbox\school\DataStructures\hw\5\hw5\Debug\hw5.pdb
C:\Users\Brandon\Dropbox\school\DataStructures\hw\5\hw5\Debug\hw5.exe
C:\Users\Brandon\Dropbox\school\DataStructures\hw\5\hw5\Debug\hw5.ilk
