C:\USERS\BRANDON\DROPBOX\SCHOOL\DATASTRUCTURES\HW\4\HW4\HW4\DEBUG\ARRAYLIST.OBJ
C:\USERS\BRANDON\DROPBOX\SCHOOL\DATASTRUCTURES\HW\4\HW4\HW4\DEBUG\MAIN.OBJ
C:\USERS\BRANDON\DROPBOX\SCHOOL\DATASTRUCTURES\HW\4\HW4\HW4\DEBUG\MYEXCEPTION.OBJ
C:\USERS\BRANDON\DROPBOX\SCHOOL\DATASTRUCTURES\HW\4\HW4\HW4\DEBUG\QUEUE.OBJ
C:\USERS\BRANDON\DROPBOX\SCHOOL\DATASTRUCTURES\HW\4\HW4\HW4\DEBUG\RATINMAZE.OBJ
C:\USERS\BRANDON\DROPBOX\SCHOOL\DATASTRUCTURES\HW\4\HW4\HW4\DEBUG\STACK.OBJ
C:\USERS\BRANDON\DROPBOX\SCHOOL\DATASTRUCTURES\HW\4\HW4\HW4\DEBUG\VC110.PDB
C:\USERS\BRANDON\DROPBOX\SCHOOL\DATASTRUCTURES\HW\4\HW4\DEBUG\HW4.ILK
C:\USERS\BRANDON\DROPBOX\SCHOOL\DATASTRUCTURES\HW\4\HW4\DEBUG\HW4.EXE
C:\USERS\BRANDON\DROPBOX\SCHOOL\DATASTRUCTURES\HW\4\HW4\DEBUG\HW4.PDB
C:\Users\Brandon\Dropbox\school\DataStructures\hw\4\hw4\hw4\Debug\Arraylist.obj
C:\Users\Brandon\Dropbox\school\DataStructures\hw\4\hw4\hw4\Debug\main.obj
C:\Users\Brandon\Dropbox\school\DataStructures\hw\4\hw4\hw4\Debug\myException.obj
C:\Users\Brandon\Dropbox\school\DataStructures\hw\4\hw4\hw4\Debug\queue.obj
C:\Users\Brandon\Dropbox\school\DataStructures\hw\4\hw4\hw4\Debug\RatInMaze.obj
C:\Users\Brandon\Dropbox\school\DataStructures\hw\4\hw4\hw4\Debug\stack.obj
C:\Users\Brandon\Dropbox\school\DataStructures\hw\4\hw4\hw4\Debug\cl.command.1.tlog
C:\Users\Brandon\Dropbox\school\DataStructures\hw\4\hw4\hw4\Debug\CL.read.1.tlog
C:\Users\Brandon\Dropbox\school\DataStructures\hw\4\hw4\hw4\Debug\CL.write.1.tlog
C:\Users\Brandon\Dropbox\school\DataStructures\hw\4\hw4\hw4\Debug\link-cvtres.read.1.tlog
C:\Users\Brandon\Dropbox\school\DataStructures\hw\4\hw4\hw4\Debug\link-cvtres.write.1.tlog
C:\Users\Brandon\Dropbox\school\DataStructures\hw\4\hw4\hw4\Debug\link-rc.read.1.tlog
C:\Users\Brandon\Dropbox\school\DataStructures\hw\4\hw4\hw4\Debug\link-rc.write.1.tlog
C:\Users\Brandon\Dropbox\school\DataStructures\hw\4\hw4\hw4\Debug\link.3668-cvtres.read.1.tlog
C:\Users\Brandon\Dropbox\school\DataStructures\hw\4\hw4\hw4\Debug\link.3668-cvtres.write.1.tlog
C:\Users\Brandon\Dropbox\school\DataStructures\hw\4\hw4\hw4\Debug\link.3668-rc.read.1.tlog
C:\Users\Brandon\Dropbox\school\DataStructures\hw\4\hw4\hw4\Debug\link.3668-rc.write.1.tlog
C:\Users\Brandon\Dropbox\school\DataStructures\hw\4\hw4\hw4\Debug\link.3668.read.1.tlog
C:\Users\Brandon\Dropbox\school\DataStructures\hw\4\hw4\hw4\Debug\link.3668.write.1.tlog
C:\Users\Brandon\Dropbox\school\DataStructures\hw\4\hw4\hw4\Debug\link.command.1.tlog
C:\Users\Brandon\Dropbox\school\DataStructures\hw\4\hw4\hw4\Debug\link.read.1.tlog
C:\Users\Brandon\Dropbox\school\DataStructures\hw\4\hw4\hw4\Debug\link.write.1.tlog
C:\Users\Brandon\Dropbox\school\DataStructures\hw\4\hw4\hw4\Debug\vc110.idb
C:\Users\Brandon\Dropbox\school\DataStructures\hw\4\hw4\hw4\Debug\vc110.pdb
C:\Users\Brandon\Dropbox\school\DataStructures\hw\4\hw4\Debug\hw4.pdb
C:\Users\Brandon\Dropbox\school\DataStructures\hw\4\hw4\Debug\hw4.exe
C:\Users\Brandon\Dropbox\school\DataStructures\hw\4\hw4\Debug\hw4.ilk
