C:\USERS\BRANDON\DROPBOX\SCHOOL\DATASTRUCTURES\HW\HW7\HW7\DEBUG\GRAPH.OBJ
C:\USERS\BRANDON\DROPBOX\SCHOOL\DATASTRUCTURES\HW\HW7\HW7\DEBUG\MAIN.OBJ
C:\USERS\BRANDON\DROPBOX\SCHOOL\DATASTRUCTURES\HW\HW7\HW7\DEBUG\VC110.PDB
C:\USERS\BRANDON\DROPBOX\SCHOOL\DATASTRUCTURES\HW\HW7\HW7\DEBUG\GRAPHSOLVER.OBJ
C:\USERS\BRANDON\DROPBOX\SCHOOL\DATASTRUCTURES\HW\HW7\DEBUG\HW7.ILK
C:\USERS\BRANDON\DROPBOX\SCHOOL\DATASTRUCTURES\HW\HW7\DEBUG\HW7.EXE
C:\USERS\BRANDON\DROPBOX\SCHOOL\DATASTRUCTURES\HW\HW7\DEBUG\HW7.PDB
C:\Users\Brandon\Dropbox\school\DataStructures\hw\hw7\hw7\Debug\Graph.obj
C:\Users\Brandon\Dropbox\school\DataStructures\hw\hw7\hw7\Debug\GraphSolver.obj
C:\Users\Brandon\Dropbox\school\DataStructures\hw\hw7\hw7\Debug\main.obj
C:\Users\Brandon\Dropbox\school\DataStructures\hw\hw7\hw7\Debug\cl.command.1.tlog
C:\Users\Brandon\Dropbox\school\DataStructures\hw\hw7\hw7\Debug\CL.read.1.tlog
C:\Users\Brandon\Dropbox\school\DataStructures\hw\hw7\hw7\Debug\CL.write.1.tlog
C:\Users\Brandon\Dropbox\school\DataStructures\hw\hw7\hw7\Debug\link-cvtres.read.1.tlog
C:\Users\Brandon\Dropbox\school\DataStructures\hw\hw7\hw7\Debug\link-cvtres.write.1.tlog
C:\Users\Brandon\Dropbox\school\DataStructures\hw\hw7\hw7\Debug\link-rc.read.1.tlog
C:\Users\Brandon\Dropbox\school\DataStructures\hw\hw7\hw7\Debug\link-rc.write.1.tlog
C:\Users\Brandon\Dropbox\school\DataStructures\hw\hw7\hw7\Debug\link.command.1.tlog
C:\Users\Brandon\Dropbox\school\DataStructures\hw\hw7\hw7\Debug\link.read.1.tlog
C:\Users\Brandon\Dropbox\school\DataStructures\hw\hw7\hw7\Debug\link.write.1.tlog
C:\Users\Brandon\Dropbox\school\DataStructures\hw\hw7\hw7\Debug\vc110.idb
C:\Users\Brandon\Dropbox\school\DataStructures\hw\hw7\hw7\Debug\vc110.pdb
C:\Users\Brandon\Dropbox\school\DataStructures\hw\hw7\Debug\hw7.pdb
C:\Users\Brandon\Dropbox\school\DataStructures\hw\hw7\Debug\hw7.exe
C:\Users\Brandon\Dropbox\school\DataStructures\hw\hw7\Debug\hw7.ilk
