Build started 12/2/2013 10:44:55 AM.
     1>Project "C:\Users\Brandon\Dropbox\school\DataStructures\hw\hw7\hw7\hw7.vcxproj" on node 2 (Build target(s)).
     1>ClCompile:
         C:\Program Files (x86)\Microsoft Visual Studio 11.0\VC\bin\CL.exe /c /ZI /nologo /W3 /WX- /Od /Oy- /D _MBCS /Gm /EHsc /RTC1 /MDd /GS /fp:precise /Zc:wchar_t /Zc:forScope /Fo"Debug\\" /Fd"Debug\vc110.pdb" /Gd /TP /analyze- /errorReport:prompt Graph.cpp GraphSolver.cpp main.cpp
         main.cpp
         GraphSolver.cpp
     1>c:\users\brandon\dropbox\school\datastructures\hw\hw7\hw7\graphsolver.cpp(18): warning C4018: '<' : signed/unsigned mismatch
     1>c:\users\brandon\dropbox\school\datastructures\hw\hw7\hw7\graphsolver.cpp(31): warning C4018: '<' : signed/unsigned mismatch
     1>c:\users\brandon\dropbox\school\datastructures\hw\hw7\hw7\graphsolver.cpp(68): warning C4018: '<' : signed/unsigned mismatch
         Graph.cpp
         Generating Code...
       Link:
         C:\Program Files (x86)\Microsoft Visual Studio 11.0\VC\bin\link.exe /ERRORREPORT:PROMPT /OUT:"C:\Users\Brandon\Dropbox\school\DataStructures\hw\hw7\Debug\hw7.exe" /INCREMENTAL /NOLOGO kernel32.lib user32.lib gdi32.lib winspool.lib comdlg32.lib advapi32.lib shell32.lib ole32.lib oleaut32.lib uuid.lib odbc32.lib odbccp32.lib /MANIFEST /MANIFESTUAC:"level='asInvoker' uiAccess='false'" /manifest:embed /DEBUG /PDB:"C:\Users\Brandon\Dropbox\school\DataStructures\hw\hw7\Debug\hw7.pdb" /TLBID:1 /DYNAMICBASE /NXCOMPAT /IMPLIB:"C:\Users\Brandon\Dropbox\school\DataStructures\hw\hw7\Debug\hw7.lib" /MACHINE:X86 Debug\Graph.obj
         Debug\GraphSolver.obj
         Debug\main.obj
         LINK : C:\Users\Brandon\Dropbox\school\DataStructures\hw\hw7\Debug\hw7.exe not found or not built by the last incremental link; performing full link
         hw7.vcxproj -> C:\Users\Brandon\Dropbox\school\DataStructures\hw\hw7\Debug\hw7.exe
     1>Done Building Project "C:\Users\Brandon\Dropbox\school\DataStructures\hw\hw7\hw7\hw7.vcxproj" (Build target(s)).

Build succeeded.

Time Elapsed 00:00:03.11
