Build started 9/11/2013 8:22:38 PM.
     1>Project "C:\Users\Brandon\Dropbox\school\DataStructures\hw\2\ArrayLinearList\ArrayLinearList\ArrayLinearList.vcxproj" on node 2 (Build target(s)).
     1>ClCompile:
         C:\Program Files (x86)\Microsoft Visual Studio 11.0\VC\bin\CL.exe /c /ZI /nologo /W3 /WX- /Od /Oy- /D _MBCS /Gm /EHsc /RTC1 /MDd /GS /fp:precise /Zc:wchar_t /Zc:forScope /Fo"Debug\\" /Fd"Debug\vc110.pdb" /Gd /TP /analyze- /errorReport:prompt main.cpp
         main.cpp
     1>c:\program files (x86)\microsoft visual studio 11.0\vc\include\xutility(2176): warning C4996: 'std::_Copy_impl': Function call with parameters that may be unsafe - this call relies on the caller to check that the passed values are correct. To disable this warning, use -D_SCL_SECURE_NO_WARNINGS. See documentation on how to use Visual C++ 'Checked Iterators'
                 c:\program files (x86)\microsoft visual studio 11.0\vc\include\xutility(2157) : see declaration of 'std::_Copy_impl'
                 c:\users\brandon\dropbox\school\datastructures\hw\2\arraylinearlist\arraylinearlist\arraylinearlist.h(59) : see reference to function template instantiation '_OutIt std::copy<T*,T*>(_InIt,_InIt,_OutIt)' being compiled
                 with
                 [
                     _OutIt=int *,
                     T=int,
                     _InIt=int *
                 ]
                 c:\users\brandon\dropbox\school\datastructures\hw\2\arraylinearlist\arraylinearlist\arraylinearlist.h(53) : while compiling class template member function 'void ArrayLinearList<T>::ensureCapacity(const int)'
                 with
                 [
                     T=int
                 ]
                 c:\users\brandon\dropbox\school\datastructures\hw\2\arraylinearlist\arraylinearlist\arraylinearlist.h(74) : see reference to function template instantiation 'void ArrayLinearList<T>::ensureCapacity(const int)' being compiled
                 with
                 [
                     T=int
                 ]
                 c:\users\brandon\dropbox\school\datastructures\hw\2\arraylinearlist\arraylinearlist\main.cpp(16) : see reference to class template instantiation 'ArrayLinearList<T>' being compiled
                 with
                 [
                     T=int
                 ]
       Link:
         C:\Program Files (x86)\Microsoft Visual Studio 11.0\VC\bin\link.exe /ERRORREPORT:PROMPT /OUT:"C:\Users\Brandon\Dropbox\school\DataStructures\hw\2\ArrayLinearList\Debug\ArrayLinearList.exe" /INCREMENTAL /NOLOGO kernel32.lib user32.lib gdi32.lib winspool.lib comdlg32.lib advapi32.lib shell32.lib ole32.lib oleaut32.lib uuid.lib odbc32.lib odbccp32.lib /MANIFEST /MANIFESTUAC:"level='asInvoker' uiAccess='false'" /manifest:embed /DEBUG /PDB:"C:\Users\Brandon\Dropbox\school\DataStructures\hw\2\ArrayLinearList\Debug\ArrayLinearList.pdb" /TLBID:1 /DYNAMICBASE /NXCOMPAT /IMPLIB:"C:\Users\Brandon\Dropbox\school\DataStructures\hw\2\ArrayLinearList\Debug\ArrayLinearList.lib" /MACHINE:X86 Debug\main.obj
         ArrayLinearList.vcxproj -> C:\Users\Brandon\Dropbox\school\DataStructures\hw\2\ArrayLinearList\Debug\ArrayLinearList.exe
     1>Done Building Project "C:\Users\Brandon\Dropbox\school\DataStructures\hw\2\ArrayLinearList\ArrayLinearList\ArrayLinearList.vcxproj" (Build target(s)).

Build succeeded.

Time Elapsed 00:00:00.58
